{"C:\\Users\\nyxob\\IT342_InStock_G4_Badinas\\web\\src\\core\\components\\PrivateRoute.jsx": {"path":"C:\\Users\\nyxob\\IT342_InStock_G4_Badinas\\web\\src\\core\\components\\PrivateRoute.jsx","statementMap":{"0":{"start":{"line":4,"column":16},"end":{"line":4,"column":null}},"1":{"start":{"line":5,"column":15},"end":{"line":5,"column":null}},"2":{"start":{"line":7,"column":2},"end":{"line":9,"column":null}},"3":{"start":{"line":8,"column":4},"end":{"line":8,"column":null}},"4":{"start":{"line":11,"column":2},"end":{"line":13,"column":null}},"5":{"start":{"line":12,"column":4},"end":{"line":12,"column":null}},"6":{"start":{"line":15,"column":2},"end":{"line":15,"column":null}}},"fnMap":{"0":{"name":"PrivateRoute","decl":{"start":{"line":3,"column":9},"end":{"line":3,"column":22}},"loc":{"start":{"line":3,"column":50},"end":{"line":16,"column":null}},"line":3}},"branchMap":{"0":{"loc":{"start":{"line":5,"column":26},"end":{"line":5,"column":62}},"type":"binary-expr","locations":[{"start":{"line":5,"column":26},"end":{"line":5,"column":58}},{"start":{"line":5,"column":58},"end":{"line":5,"column":62}}],"line":5},"1":{"loc":{"start":{"line":7,"column":2},"end":{"line":9,"column":null}},"type":"if","locations":[{"start":{"line":7,"column":2},"end":{"line":9,"column":null}},{"start":{},"end":{}}],"line":7},"2":{"loc":{"start":{"line":11,"column":2},"end":{"line":13,"column":null}},"type":"if","locations":[{"start":{"line":11,"column":2},"end":{"line":13,"column":null}},{"start":{},"end":{}}],"line":11},"3":{"loc":{"start":{"line":11,"column":6},"end":{"line":11,"column":65}},"type":"binary-expr","locations":[{"start":{"line":11,"column":6},"end":{"line":11,"column":30}},{"start":{"line":11,"column":30},"end":{"line":11,"column":65}}],"line":11}},"s":{"0":3,"1":3,"2":3,"3":1,"4":2,"5":1,"6":1},"f":{"0":3},"b":{"0":[3,1],"1":[1,2],"2":[1,1],"3":[2,1]},"meta":{"lastBranch":4,"lastFunction":1,"lastStatement":7,"seen":{"f:3:9:3:22":0,"s:4:16:4:Infinity":0,"s:5:15:5:Infinity":1,"b:5:26:5:58:5:58:5:62":0,"b:7:2:9:Infinity:undefined:undefined:undefined:undefined":1,"s:7:2:9:Infinity":2,"s:8:4:8:Infinity":3,"b:11:2:13:Infinity:undefined:undefined:undefined:undefined":2,"s:11:2:13:Infinity":4,"b:11:6:11:30:11:30:11:65":3,"s:12:4:12:Infinity":5,"s:15:2:15:Infinity":6}}}
,"C:\\Users\\nyxob\\IT342_InStock_G4_Badinas\\web\\src\\features\\auth\\Login.jsx": {"path":"C:\\Users\\nyxob\\IT342_InStock_G4_Badinas\\web\\src\\features\\auth\\Login.jsx","statementMap":{"0":{"start":{"line":10,"column":8},"end":{"line":10,"column":null}},"1":{"start":{"line":11,"column":8},"end":{"line":11,"column":null}},"2":{"start":{"line":12,"column":30},"end":{"line":15,"column":null}},"3":{"start":{"line":16,"column":24},"end":{"line":16,"column":null}},"4":{"start":{"line":17,"column":36},"end":{"line":17,"column":null}},"5":{"start":{"line":18,"column":28},"end":{"line":18,"column":null}},"6":{"start":{"line":20,"column":23},"end":{"line":23,"column":null}},"7":{"start":{"line":21,"column":4},"end":{"line":21,"column":null}},"8":{"start":{"line":22,"column":4},"end":{"line":22,"column":null}},"9":{"start":{"line":25,"column":23},"end":{"line":51,"column":null}},"10":{"start":{"line":26,"column":4},"end":{"line":26,"column":null}},"11":{"start":{"line":27,"column":4},"end":{"line":27,"column":null}},"12":{"start":{"line":28,"column":4},"end":{"line":28,"column":null}},"13":{"start":{"line":29,"column":4},"end":{"line":29,"column":null}},"14":{"start":{"line":31,"column":4},"end":{"line":50,"column":null}},"15":{"start":{"line":32,"column":23},"end":{"line":32,"column":null}},"16":{"start":{"line":33,"column":23},"end":{"line":33,"column":null}},"17":{"start":{"line":34,"column":6},"end":{"line":34,"column":null}},"18":{"start":{"line":35,"column":6},"end":{"line":35,"column":null}},"19":{"start":{"line":36,"column":6},"end":{"line":36,"column":null}},"20":{"start":{"line":37,"column":6},"end":{"line":37,"column":null}},"21":{"start":{"line":39,"column":19},"end":{"line":39,"column":null}},"22":{"start":{"line":40,"column":6},"end":{"line":47,"column":null}},"23":{"start":{"line":41,"column":8},"end":{"line":41,"column":null}},"24":{"start":{"line":42,"column":8},"end":{"line":42,"column":null}},"25":{"start":{"line":44,"column":20},"end":{"line":44,"column":null}},"26":{"start":{"line":45,"column":8},"end":{"line":45,"column":null}},"27":{"start":{"line":46,"column":8},"end":{"line":46,"column":null}},"28":{"start":{"line":49,"column":6},"end":{"line":49,"column":null}},"29":{"start":{"line":53,"column":28},"end":{"line":55,"column":null}},"30":{"start":{"line":54,"column":4},"end":{"line":54,"column":null}},"31":{"start":{"line":57,"column":2},"end":{"line":66,"column":null}},"32":{"start":{"line":58,"column":19},"end":{"line":58,"column":null}},"33":{"start":{"line":59,"column":18},"end":{"line":59,"column":null}},"34":{"start":{"line":60,"column":4},"end":{"line":65,"column":null}},"35":{"start":{"line":61,"column":6},"end":{"line":61,"column":null}},"36":{"start":{"line":62,"column":6},"end":{"line":62,"column":null}},"37":{"start":{"line":63,"column":6},"end":{"line":63,"column":null}},"38":{"start":{"line":64,"column":6},"end":{"line":64,"column":null}},"39":{"start":{"line":68,"column":2},"end":{"line":161,"column":null}},"40":{"start":{"line":122,"column":48},"end":{"line":122,"column":68}},"41":{"start":{"line":122,"column":68},"end":{"line":122,"column":117}}},"fnMap":{"0":{"name":"Login","decl":{"start":{"line":9,"column":9},"end":{"line":9,"column":17}},"loc":{"start":{"line":9,"column":17},"end":{"line":163,"column":null}},"line":9},"1":{"name":"(anonymous_1)","decl":{"start":{"line":20,"column":23},"end":{"line":20,"column":24}},"loc":{"start":{"line":20,"column":30},"end":{"line":23,"column":null}},"line":20},"2":{"name":"(anonymous_2)","decl":{"start":{"line":25,"column":23},"end":{"line":25,"column":30}},"loc":{"start":{"line":25,"column":36},"end":{"line":51,"column":null}},"line":25},"3":{"name":"(anonymous_3)","decl":{"start":{"line":53,"column":28},"end":{"line":53,"column":34}},"loc":{"start":{"line":53,"column":34},"end":{"line":55,"column":null}},"line":53},"4":{"name":"(anonymous_4)","decl":{"start":{"line":57,"column":12},"end":{"line":57,"column":18}},"loc":{"start":{"line":57,"column":18},"end":{"line":66,"column":5}},"line":57},"5":{"name":"(anonymous_5)","decl":{"start":{"line":122,"column":39},"end":{"line":122,"column":40}},"loc":{"start":{"line":122,"column":46},"end":{"line":122,"column":120}},"line":122}},"branchMap":{"0":{"loc":{"start":{"line":40,"column":6},"end":{"line":47,"column":null}},"type":"if","locations":[{"start":{"line":40,"column":6},"end":{"line":47,"column":null}},{"start":{"line":43,"column":13},"end":{"line":47,"column":null}}],"line":40},"1":{"loc":{"start":{"line":40,"column":10},"end":{"line":40,"column":72}},"type":"binary-expr","locations":[{"start":{"line":40,"column":10},"end":{"line":40,"column":52}},{"start":{"line":40,"column":52},"end":{"line":40,"column":72}}],"line":40},"2":{"loc":{"start":{"line":44,"column":20},"end":{"line":44,"column":null}},"type":"binary-expr","locations":[{"start":{"line":44,"column":20},"end":{"line":44,"column":37}},{"start":{"line":44,"column":37},"end":{"line":44,"column":null}}],"line":44},"3":{"loc":{"start":{"line":60,"column":4},"end":{"line":65,"column":null}},"type":"if","locations":[{"start":{"line":60,"column":4},"end":{"line":65,"column":null}},{"start":{},"end":{}}],"line":60},"4":{"loc":{"start":{"line":97,"column":13},"end":{"line":97,"column":null}},"type":"binary-expr","locations":[{"start":{"line":97,"column":13},"end":{"line":97,"column":22}},{"start":{"line":97,"column":22},"end":{"line":97,"column":null}}],"line":97},"5":{"loc":{"start":{"line":116,"column":17},"end":{"line":116,"column":null}},"type":"binary-expr","locations":[{"start":{"line":116,"column":17},"end":{"line":116,"column":38}},{"start":{"line":116,"column":38},"end":{"line":116,"column":null}}],"line":116},"6":{"loc":{"start":{"line":140,"column":17},"end":{"line":140,"column":null}},"type":"binary-expr","locations":[{"start":{"line":140,"column":17},"end":{"line":140,"column":41}},{"start":{"line":140,"column":41},"end":{"line":140,"column":null}}],"line":140},"7":{"loc":{"start":{"line":144,"column":17},"end":{"line":144,"column":null}},"type":"cond-expr","locations":[{"start":{"line":144,"column":27},"end":{"line":144,"column":45}},{"start":{"line":144,"column":45},"end":{"line":144,"column":null}}],"line":144}},"s":{"0":29,"1":29,"2":29,"3":29,"4":29,"5":29,"6":29,"7":25,"8":25,"9":29,"10":1,"11":1,"12":1,"13":1,"14":1,"15":1,"16":1,"17":1,"18":1,"19":1,"20":1,"21":0,"22":0,"23":0,"24":0,"25":0,"26":0,"27":0,"28":1,"29":29,"30":0,"31":29,"32":2,"33":2,"34":2,"35":0,"36":0,"37":0,"38":0,"39":29,"40":0,"41":0},"f":{"0":29,"1":25,"2":1,"3":0,"4":2,"5":0},"b":{"0":[0,0],"1":[0,0],"2":[0,0],"3":[0,2],"4":[29,0],"5":[29,0],"6":[29,0],"7":[1,28]},"meta":{"lastBranch":8,"lastFunction":6,"lastStatement":42,"seen":{"f:9:9:9:17":0,"s:10:8:10:Infinity":0,"s:11:8:11:Infinity":1,"s:12:30:15:Infinity":2,"s:16:24:16:Infinity":3,"s:17:36:17:Infinity":4,"s:18:28:18:Infinity":5,"s:20:23:23:Infinity":6,"f:20:23:20:24":1,"s:21:4:21:Infinity":7,"s:22:4:22:Infinity":8,"s:25:23:51:Infinity":9,"f:25:23:25:30":2,"s:26:4:26:Infinity":10,"s:27:4:27:Infinity":11,"s:28:4:28:Infinity":12,"s:29:4:29:Infinity":13,"s:31:4:50:Infinity":14,"s:32:23:32:Infinity":15,"s:33:23:33:Infinity":16,"s:34:6:34:Infinity":17,"s:35:6:35:Infinity":18,"s:36:6:36:Infinity":19,"s:37:6:37:Infinity":20,"s:39:19:39:Infinity":21,"b:40:6:47:Infinity:43:13:47:Infinity":0,"s:40:6:47:Infinity":22,"b:40:10:40:52:40:52:40:72":1,"s:41:8:41:Infinity":23,"s:42:8:42:Infinity":24,"s:44:20:44:Infinity":25,"b:44:20:44:37:44:37:44:Infinity":2,"s:45:8:45:Infinity":26,"s:46:8:46:Infinity":27,"s:49:6:49:Infinity":28,"s:53:28:55:Infinity":29,"f:53:28:53:34":3,"s:54:4:54:Infinity":30,"s:57:2:66:Infinity":31,"f:57:12:57:18":4,"s:58:19:58:Infinity":32,"s:59:18:59:Infinity":33,"b:60:4:65:Infinity:undefined:undefined:undefined:undefined":3,"s:60:4:65:Infinity":34,"s:61:6:61:Infinity":35,"s:62:6:62:Infinity":36,"s:63:6:63:Infinity":37,"s:64:6:64:Infinity":38,"s:68:2:161:Infinity":39,"b:97:13:97:22:97:22:97:Infinity":4,"b:116:17:116:38:116:38:116:Infinity":5,"f:122:39:122:40":5,"s:122:48:122:68":40,"s:122:68:122:117":41,"b:140:17:140:41:140:41:140:Infinity":6,"b:144:27:144:45:144:45:144:Infinity":7}}}
,"C:\\Users\\nyxob\\IT342_InStock_G4_Badinas\\web\\src\\features\\auth\\Register.jsx": {"path":"C:\\Users\\nyxob\\IT342_InStock_G4_Badinas\\web\\src\\features\\auth\\Register.jsx","statementMap":{"0":{"start":{"line":10,"column":8},"end":{"line":10,"column":null}},"1":{"start":{"line":11,"column":8},"end":{"line":11,"column":null}},"2":{"start":{"line":12,"column":30},"end":{"line":16,"column":null}},"3":{"start":{"line":17,"column":44},"end":{"line":17,"column":null}},"4":{"start":{"line":18,"column":24},"end":{"line":18,"column":null}},"5":{"start":{"line":19,"column":36},"end":{"line":19,"column":null}},"6":{"start":{"line":20,"column":28},"end":{"line":20,"column":null}},"7":{"start":{"line":22,"column":23},"end":{"line":25,"column":null}},"8":{"start":{"line":23,"column":4},"end":{"line":23,"column":null}},"9":{"start":{"line":24,"column":4},"end":{"line":24,"column":null}},"10":{"start":{"line":27,"column":23},"end":{"line":60,"column":null}},"11":{"start":{"line":28,"column":4},"end":{"line":28,"column":null}},"12":{"start":{"line":29,"column":4},"end":{"line":29,"column":null}},"13":{"start":{"line":30,"column":4},"end":{"line":30,"column":null}},"14":{"start":{"line":32,"column":4},"end":{"line":36,"column":null}},"15":{"start":{"line":33,"column":6},"end":{"line":33,"column":null}},"16":{"start":{"line":34,"column":6},"end":{"line":34,"column":null}},"17":{"start":{"line":35,"column":6},"end":{"line":35,"column":null}},"18":{"start":{"line":38,"column":4},"end":{"line":38,"column":null}},"19":{"start":{"line":40,"column":4},"end":{"line":59,"column":null}},"20":{"start":{"line":41,"column":23},"end":{"line":41,"column":null}},"21":{"start":{"line":42,"column":23},"end":{"line":42,"column":null}},"22":{"start":{"line":43,"column":6},"end":{"line":43,"column":null}},"23":{"start":{"line":44,"column":6},"end":{"line":44,"column":null}},"24":{"start":{"line":45,"column":6},"end":{"line":45,"column":null}},"25":{"start":{"line":46,"column":6},"end":{"line":46,"column":null}},"26":{"start":{"line":48,"column":19},"end":{"line":48,"column":null}},"27":{"start":{"line":49,"column":6},"end":{"line":56,"column":null}},"28":{"start":{"line":50,"column":8},"end":{"line":50,"column":null}},"29":{"start":{"line":51,"column":8},"end":{"line":51,"column":null}},"30":{"start":{"line":53,"column":20},"end":{"line":53,"column":null}},"31":{"start":{"line":54,"column":8},"end":{"line":54,"column":null}},"32":{"start":{"line":55,"column":8},"end":{"line":55,"column":null}},"33":{"start":{"line":58,"column":6},"end":{"line":58,"column":null}},"34":{"start":{"line":62,"column":28},"end":{"line":64,"column":null}},"35":{"start":{"line":63,"column":4},"end":{"line":63,"column":null}},"36":{"start":{"line":66,"column":2},"end":{"line":192,"column":null}},"37":{"start":{"line":167,"column":37},"end":{"line":167,"column":null}}},"fnMap":{"0":{"name":"Register","decl":{"start":{"line":9,"column":9},"end":{"line":9,"column":20}},"loc":{"start":{"line":9,"column":20},"end":{"line":194,"column":null}},"line":9},"1":{"name":"(anonymous_1)","decl":{"start":{"line":22,"column":23},"end":{"line":22,"column":24}},"loc":{"start":{"line":22,"column":30},"end":{"line":25,"column":null}},"line":22},"2":{"name":"(anonymous_2)","decl":{"start":{"line":27,"column":23},"end":{"line":27,"column":30}},"loc":{"start":{"line":27,"column":36},"end":{"line":60,"column":null}},"line":27},"3":{"name":"(anonymous_3)","decl":{"start":{"line":62,"column":28},"end":{"line":62,"column":34}},"loc":{"start":{"line":62,"column":34},"end":{"line":64,"column":null}},"line":62},"4":{"name":"(anonymous_4)","decl":{"start":{"line":167,"column":30},"end":{"line":167,"column":31}},"loc":{"start":{"line":167,"column":37},"end":{"line":167,"column":null}},"line":167}},"branchMap":{"0":{"loc":{"start":{"line":32,"column":4},"end":{"line":36,"column":null}},"type":"if","locations":[{"start":{"line":32,"column":4},"end":{"line":36,"column":null}},{"start":{},"end":{}}],"line":32},"1":{"loc":{"start":{"line":49,"column":6},"end":{"line":56,"column":null}},"type":"if","locations":[{"start":{"line":49,"column":6},"end":{"line":56,"column":null}},{"start":{"line":52,"column":13},"end":{"line":56,"column":null}}],"line":49},"2":{"loc":{"start":{"line":49,"column":10},"end":{"line":49,"column":72}},"type":"binary-expr","locations":[{"start":{"line":49,"column":10},"end":{"line":49,"column":52}},{"start":{"line":49,"column":52},"end":{"line":49,"column":72}}],"line":49},"3":{"loc":{"start":{"line":53,"column":20},"end":{"line":53,"column":null}},"type":"binary-expr","locations":[{"start":{"line":53,"column":20},"end":{"line":53,"column":37}},{"start":{"line":53,"column":37},"end":{"line":53,"column":null}}],"line":53},"4":{"loc":{"start":{"line":95,"column":13},"end":{"line":95,"column":null}},"type":"binary-expr","locations":[{"start":{"line":95,"column":13},"end":{"line":95,"column":22}},{"start":{"line":95,"column":22},"end":{"line":95,"column":null}}],"line":95},"5":{"loc":{"start":{"line":114,"column":17},"end":{"line":114,"column":null}},"type":"binary-expr","locations":[{"start":{"line":114,"column":17},"end":{"line":114,"column":41}},{"start":{"line":114,"column":41},"end":{"line":114,"column":null}}],"line":114},"6":{"loc":{"start":{"line":133,"column":17},"end":{"line":133,"column":null}},"type":"binary-expr","locations":[{"start":{"line":133,"column":17},"end":{"line":133,"column":38}},{"start":{"line":133,"column":38},"end":{"line":133,"column":null}}],"line":133},"7":{"loc":{"start":{"line":153,"column":17},"end":{"line":153,"column":null}},"type":"binary-expr","locations":[{"start":{"line":153,"column":17},"end":{"line":153,"column":41}},{"start":{"line":153,"column":41},"end":{"line":153,"column":null}}],"line":153},"8":{"loc":{"start":{"line":175,"column":17},"end":{"line":175,"column":null}},"type":"cond-expr","locations":[{"start":{"line":175,"column":27},"end":{"line":175,"column":51}},{"start":{"line":175,"column":51},"end":{"line":175,"column":null}}],"line":175}},"s":{"0":54,"1":54,"2":54,"3":54,"4":54,"5":54,"6":54,"7":54,"8":39,"9":39,"10":54,"11":1,"12":1,"13":1,"14":1,"15":0,"16":0,"17":0,"18":1,"19":1,"20":1,"21":1,"22":1,"23":1,"24":1,"25":1,"26":0,"27":0,"28":0,"29":0,"30":0,"31":0,"32":0,"33":1,"34":54,"35":0,"36":54,"37":11},"f":{"0":54,"1":39,"2":1,"3":0,"4":11},"b":{"0":[0,1],"1":[0,0],"2":[0,0],"3":[0,0],"4":[54,0],"5":[54,0],"6":[54,0],"7":[54,0],"8":[1,53]},"meta":{"lastBranch":9,"lastFunction":5,"lastStatement":38,"seen":{"f:9:9:9:20":0,"s:10:8:10:Infinity":0,"s:11:8:11:Infinity":1,"s:12:30:16:Infinity":2,"s:17:44:17:Infinity":3,"s:18:24:18:Infinity":4,"s:19:36:19:Infinity":5,"s:20:28:20:Infinity":6,"s:22:23:25:Infinity":7,"f:22:23:22:24":1,"s:23:4:23:Infinity":8,"s:24:4:24:Infinity":9,"s:27:23:60:Infinity":10,"f:27:23:27:30":2,"s:28:4:28:Infinity":11,"s:29:4:29:Infinity":12,"s:30:4:30:Infinity":13,"b:32:4:36:Infinity:undefined:undefined:undefined:undefined":0,"s:32:4:36:Infinity":14,"s:33:6:33:Infinity":15,"s:34:6:34:Infinity":16,"s:35:6:35:Infinity":17,"s:38:4:38:Infinity":18,"s:40:4:59:Infinity":19,"s:41:23:41:Infinity":20,"s:42:23:42:Infinity":21,"s:43:6:43:Infinity":22,"s:44:6:44:Infinity":23,"s:45:6:45:Infinity":24,"s:46:6:46:Infinity":25,"s:48:19:48:Infinity":26,"b:49:6:56:Infinity:52:13:56:Infinity":1,"s:49:6:56:Infinity":27,"b:49:10:49:52:49:52:49:72":2,"s:50:8:50:Infinity":28,"s:51:8:51:Infinity":29,"s:53:20:53:Infinity":30,"b:53:20:53:37:53:37:53:Infinity":3,"s:54:8:54:Infinity":31,"s:55:8:55:Infinity":32,"s:58:6:58:Infinity":33,"s:62:28:64:Infinity":34,"f:62:28:62:34":3,"s:63:4:63:Infinity":35,"s:66:2:192:Infinity":36,"b:95:13:95:22:95:22:95:Infinity":4,"b:114:17:114:41:114:41:114:Infinity":5,"b:133:17:133:38:133:38:133:Infinity":6,"b:153:17:153:41:153:41:153:Infinity":7,"f:167:30:167:31":4,"s:167:37:167:Infinity":37,"b:175:27:175:51:175:51:175:Infinity":8}}}
,"C:\\Users\\nyxob\\IT342_InStock_G4_Badinas\\web\\src\\features\\pantry\\PantryPage.jsx": {"path":"C:\\Users\\nyxob\\IT342_InStock_G4_Badinas\\web\\src\\features\\pantry\\PantryPage.jsx","statementMap":{"0":{"start":{"line":6,"column":27},"end":{"line":6,"column":null}},"1":{"start":{"line":8,"column":27},"end":{"line":14,"column":null}},"2":{"start":{"line":17,"column":8},"end":{"line":17,"column":null}},"3":{"start":{"line":18,"column":8},"end":{"line":18,"column":null}},"4":{"start":{"line":19,"column":13},"end":{"line":19,"column":null}},"5":{"start":{"line":19,"column":32},"end":{"line":19,"column":80}},"6":{"start":{"line":20,"column":36},"end":{"line":20,"column":null}},"7":{"start":{"line":21,"column":22},"end":{"line":21,"column":null}},"8":{"start":{"line":22,"column":40},"end":{"line":22,"column":null}},"9":{"start":{"line":23,"column":36},"end":{"line":23,"column":null}},"10":{"start":{"line":24,"column":36},"end":{"line":24,"column":null}},"11":{"start":{"line":25,"column":44},"end":{"line":25,"column":null}},"12":{"start":{"line":26,"column":8},"end":{"line":26,"column":null}},"13":{"start":{"line":28,"column":8},"end":{"line":30,"column":null}},"14":{"start":{"line":29,"column":4},"end":{"line":29,"column":null}},"15":{"start":{"line":29,"column":45},"end":{"line":29,"column":68}},"16":{"start":{"line":32,"column":18},"end":{"line":32,"column":null}},"17":{"start":{"line":34,"column":21},"end":{"line":48,"column":null}},"18":{"start":{"line":35,"column":4},"end":{"line":47,"column":null}},"19":{"start":{"line":36,"column":23},"end":{"line":36,"column":null}},"20":{"start":{"line":37,"column":20},"end":{"line":37,"column":null}},"21":{"start":{"line":38,"column":6},"end":{"line":38,"column":null}},"22":{"start":{"line":40,"column":23},"end":{"line":40,"column":null}},"23":{"start":{"line":41,"column":6},"end":{"line":44,"column":null}},"24":{"start":{"line":46,"column":6},"end":{"line":46,"column":null}},"25":{"start":{"line":50,"column":2},"end":{"line":56,"column":null}},"26":{"start":{"line":51,"column":4},"end":{"line":53,"column":null}},"27":{"start":{"line":52,"column":6},"end":{"line":52,"column":null}},"28":{"start":{"line":54,"column":4},"end":{"line":54,"column":null}},"29":{"start":{"line":55,"column":4},"end":{"line":55,"column":null}},"30":{"start":{"line":58,"column":28},"end":{"line":72,"column":null}},"31":{"start":{"line":59,"column":18},"end":{"line":59,"column":null}},"32":{"start":{"line":60,"column":4},"end":{"line":64,"column":null}},"33":{"start":{"line":61,"column":6},"end":{"line":61,"column":null}},"34":{"start":{"line":62,"column":6},"end":{"line":62,"column":null}},"35":{"start":{"line":63,"column":6},"end":{"line":63,"column":null}},"36":{"start":{"line":66,"column":17},"end":{"line":68,"column":null}},"37":{"start":{"line":67,"column":24},"end":{"line":67,"column":86}},"38":{"start":{"line":70,"column":4},"end":{"line":70,"column":null}},"39":{"start":{"line":71,"column":4},"end":{"line":71,"column":null}},"40":{"start":{"line":74,"column":26},"end":{"line":77,"column":null}},"41":{"start":{"line":75,"column":4},"end":{"line":75,"column":null}},"42":{"start":{"line":76,"column":4},"end":{"line":76,"column":null}},"43":{"start":{"line":79,"column":23},"end":{"line":82,"column":null}},"44":{"start":{"line":80,"column":4},"end":{"line":80,"column":null}},"45":{"start":{"line":81,"column":4},"end":{"line":81,"column":null}},"46":{"start":{"line":84,"column":24},"end":{"line":87,"column":null}},"47":{"start":{"line":85,"column":4},"end":{"line":85,"column":null}},"48":{"start":{"line":86,"column":4},"end":{"line":86,"column":null}},"49":{"start":{"line":89,"column":18},"end":{"line":108,"column":null}},"50":{"start":{"line":90,"column":20},"end":{"line":90,"column":null}},"51":{"start":{"line":91,"column":4},"end":{"line":94,"column":null}},"52":{"start":{"line":92,"column":6},"end":{"line":92,"column":null}},"53":{"start":{"line":93,"column":6},"end":{"line":93,"column":null}},"54":{"start":{"line":96,"column":4},"end":{"line":107,"column":null}},"55":{"start":{"line":97,"column":6},"end":{"line":97,"column":null}},"56":{"start":{"line":98,"column":6},"end":{"line":98,"column":null}},"57":{"start":{"line":99,"column":6},"end":{"line":99,"column":null}},"58":{"start":{"line":100,"column":6},"end":{"line":100,"column":null}},"59":{"start":{"line":102,"column":6},"end":{"line":106,"column":null}},"60":{"start":{"line":103,"column":8},"end":{"line":103,"column":null}},"61":{"start":{"line":105,"column":8},"end":{"line":105,"column":null}},"62":{"start":{"line":110,"column":19},"end":{"line":133,"column":null}},"63":{"start":{"line":111,"column":4},"end":{"line":114,"column":null}},"64":{"start":{"line":112,"column":6},"end":{"line":112,"column":null}},"65":{"start":{"line":113,"column":6},"end":{"line":113,"column":null}},"66":{"start":{"line":116,"column":4},"end":{"line":119,"column":null}},"67":{"start":{"line":117,"column":6},"end":{"line":117,"column":null}},"68":{"start":{"line":118,"column":6},"end":{"line":118,"column":null}},"69":{"start":{"line":121,"column":4},"end":{"line":132,"column":null}},"70":{"start":{"line":122,"column":6},"end":{"line":122,"column":null}},"71":{"start":{"line":123,"column":6},"end":{"line":123,"column":null}},"72":{"start":{"line":124,"column":23},"end":{"line":124,"column":null}},"73":{"start":{"line":125,"column":6},"end":{"line":128,"column":null}},"74":{"start":{"line":129,"column":6},"end":{"line":129,"column":null}},"75":{"start":{"line":131,"column":6},"end":{"line":131,"column":null}},"76":{"start":{"line":135,"column":31},"end":{"line":146,"column":null}},"77":{"start":{"line":136,"column":4},"end":{"line":139,"column":null}},"78":{"start":{"line":137,"column":6},"end":{"line":137,"column":null}},"79":{"start":{"line":138,"column":6},"end":{"line":138,"column":null}},"80":{"start":{"line":141,"column":30},"end":{"line":141,"column":null}},"81":{"start":{"line":141,"column":56},"end":{"line":141,"column":65}},"82":{"start":{"line":142,"column":4},"end":{"line":142,"column":null}},"83":{"start":{"line":143,"column":4},"end":{"line":145,"column":null}},"84":{"start":{"line":148,"column":21},"end":{"line":159,"column":null}},"85":{"start":{"line":149,"column":4},"end":{"line":158,"column":null}},"86":{"start":{"line":150,"column":6},"end":{"line":150,"column":null}},"87":{"start":{"line":151,"column":6},"end":{"line":151,"column":null}},"88":{"start":{"line":151,"column":31},"end":{"line":151,"column":68}},"89":{"start":{"line":151,"column":53},"end":{"line":151,"column":67}},"90":{"start":{"line":152,"column":6},"end":{"line":154,"column":null}},"91":{"start":{"line":153,"column":8},"end":{"line":153,"column":null}},"92":{"start":{"line":155,"column":6},"end":{"line":155,"column":null}},"93":{"start":{"line":157,"column":6},"end":{"line":157,"column":null}},"94":{"start":{"line":161,"column":19},"end":{"line":184,"column":null}},"95":{"start":{"line":162,"column":20},"end":{"line":162,"column":null}},"96":{"start":{"line":163,"column":4},"end":{"line":166,"column":null}},"97":{"start":{"line":164,"column":6},"end":{"line":164,"column":null}},"98":{"start":{"line":165,"column":6},"end":{"line":165,"column":null}},"99":{"start":{"line":168,"column":4},"end":{"line":183,"column":null}},"100":{"start":{"line":169,"column":23},"end":{"line":169,"column":null}},"101":{"start":{"line":170,"column":26},"end":{"line":170,"column":null}},"102":{"start":{"line":172,"column":6},"end":{"line":174,"column":null}},"103":{"start":{"line":172,"column":31},"end":{"line":174,"column":8}},"104":{"start":{"line":173,"column":8},"end":{"line":173,"column":null}},"105":{"start":{"line":175,"column":6},"end":{"line":175,"column":null}},"106":{"start":{"line":176,"column":6},"end":{"line":176,"column":null}},"107":{"start":{"line":178,"column":6},"end":{"line":182,"column":null}},"108":{"start":{"line":179,"column":8},"end":{"line":179,"column":null}},"109":{"start":{"line":181,"column":8},"end":{"line":181,"column":null}},"110":{"start":{"line":186,"column":2},"end":{"line":278,"column":null}},"111":{"start":{"line":199,"column":14},"end":{"line":199,"column":null}},"112":{"start":{"line":200,"column":14},"end":{"line":200,"column":null}},"113":{"start":{"line":202,"column":27},"end":{"line":202,"column":null}},"114":{"start":{"line":203,"column":26},"end":{"line":203,"column":null}},"115":{"start":{"line":203,"column":43},"end":{"line":203,"column":70}},"116":{"start":{"line":205,"column":14},"end":{"line":212,"column":null}},"117":{"start":{"line":206,"column":16},"end":{"line":206,"column":null}},"118":{"start":{"line":207,"column":16},"end":{"line":211,"column":null}},"119":{"start":{"line":208,"column":18},"end":{"line":208,"column":null}},"120":{"start":{"line":210,"column":18},"end":{"line":210,"column":null}},"121":{"start":{"line":220,"column":16},"end":{"line":227,"column":null}},"122":{"start":{"line":224,"column":33},"end":{"line":224,"column":null}},"123":{"start":{"line":244,"column":12},"end":{"line":273,"column":null}},"124":{"start":{"line":249,"column":35},"end":{"line":249,"column":null}},"125":{"start":{"line":251,"column":20},"end":{"line":254,"column":null}},"126":{"start":{"line":252,"column":22},"end":{"line":252,"column":null}},"127":{"start":{"line":253,"column":22},"end":{"line":253,"column":null}},"128":{"start":{"line":255,"column":20},"end":{"line":258,"column":null}},"129":{"start":{"line":256,"column":22},"end":{"line":256,"column":null}},"130":{"start":{"line":257,"column":22},"end":{"line":257,"column":null}},"131":{"start":{"line":263,"column":95},"end":{"line":263,"column":114}},"132":{"start":{"line":271,"column":97},"end":{"line":271,"column":117}},"133":{"start":{"line":272,"column":97},"end":{"line":272,"column":118}}},"fnMap":{"0":{"name":"PantryPage","decl":{"start":{"line":16,"column":9},"end":{"line":16,"column":22}},"loc":{"start":{"line":16,"column":22},"end":{"line":280,"column":null}},"line":16},"1":{"name":"(anonymous_1)","decl":{"start":{"line":19,"column":26},"end":{"line":19,"column":32}},"loc":{"start":{"line":19,"column":32},"end":{"line":19,"column":80}},"line":19},"2":{"name":"(anonymous_2)","decl":{"start":{"line":28,"column":32},"end":{"line":28,"column":38}},"loc":{"start":{"line":28,"column":38},"end":{"line":30,"column":5}},"line":28},"3":{"name":"(anonymous_3)","decl":{"start":{"line":29,"column":35},"end":{"line":29,"column":36}},"loc":{"start":{"line":29,"column":45},"end":{"line":29,"column":68}},"line":29},"4":{"name":"(anonymous_4)","decl":{"start":{"line":34,"column":21},"end":{"line":34,"column":33}},"loc":{"start":{"line":34,"column":33},"end":{"line":48,"column":null}},"line":34},"5":{"name":"(anonymous_5)","decl":{"start":{"line":50,"column":12},"end":{"line":50,"column":18}},"loc":{"start":{"line":50,"column":18},"end":{"line":56,"column":5}},"line":50},"6":{"name":"(anonymous_6)","decl":{"start":{"line":58,"column":28},"end":{"line":58,"column":29}},"loc":{"start":{"line":58,"column":39},"end":{"line":72,"column":null}},"line":58},"7":{"name":"(anonymous_7)","decl":{"start":{"line":67,"column":14},"end":{"line":67,"column":15}},"loc":{"start":{"line":67,"column":24},"end":{"line":67,"column":86}},"line":67},"8":{"name":"(anonymous_8)","decl":{"start":{"line":74,"column":26},"end":{"line":74,"column":27}},"loc":{"start":{"line":74,"column":37},"end":{"line":77,"column":null}},"line":74},"9":{"name":"(anonymous_9)","decl":{"start":{"line":79,"column":23},"end":{"line":79,"column":24}},"loc":{"start":{"line":79,"column":33},"end":{"line":82,"column":null}},"line":79},"10":{"name":"(anonymous_10)","decl":{"start":{"line":84,"column":24},"end":{"line":84,"column":30}},"loc":{"start":{"line":84,"column":30},"end":{"line":87,"column":null}},"line":84},"11":{"name":"(anonymous_11)","decl":{"start":{"line":89,"column":18},"end":{"line":89,"column":30}},"loc":{"start":{"line":89,"column":30},"end":{"line":108,"column":null}},"line":89},"12":{"name":"(anonymous_12)","decl":{"start":{"line":110,"column":19},"end":{"line":110,"column":31}},"loc":{"start":{"line":110,"column":31},"end":{"line":133,"column":null}},"line":110},"13":{"name":"(anonymous_13)","decl":{"start":{"line":135,"column":31},"end":{"line":135,"column":37}},"loc":{"start":{"line":135,"column":37},"end":{"line":146,"column":null}},"line":135},"14":{"name":"(anonymous_14)","decl":{"start":{"line":141,"column":46},"end":{"line":141,"column":47}},"loc":{"start":{"line":141,"column":56},"end":{"line":141,"column":65}},"line":141},"15":{"name":"(anonymous_15)","decl":{"start":{"line":148,"column":21},"end":{"line":148,"column":28}},"loc":{"start":{"line":148,"column":35},"end":{"line":159,"column":null}},"line":148},"16":{"name":"(anonymous_16)","decl":{"start":{"line":151,"column":21},"end":{"line":151,"column":22}},"loc":{"start":{"line":151,"column":31},"end":{"line":151,"column":68}},"line":151},"17":{"name":"(anonymous_17)","decl":{"start":{"line":151,"column":43},"end":{"line":151,"column":44}},"loc":{"start":{"line":151,"column":53},"end":{"line":151,"column":67}},"line":151},"18":{"name":"(anonymous_18)","decl":{"start":{"line":161,"column":19},"end":{"line":161,"column":26}},"loc":{"start":{"line":161,"column":33},"end":{"line":184,"column":null}},"line":161},"19":{"name":"(anonymous_19)","decl":{"start":{"line":172,"column":21},"end":{"line":172,"column":22}},"loc":{"start":{"line":172,"column":31},"end":{"line":174,"column":8}},"line":172},"20":{"name":"(anonymous_20)","decl":{"start":{"line":172,"column":40},"end":{"line":172,"column":41}},"loc":{"start":{"line":173,"column":8},"end":{"line":173,"column":null}},"line":173},"21":{"name":"(anonymous_21)","decl":{"start":{"line":198,"column":22},"end":{"line":198,"column":23}},"loc":{"start":{"line":198,"column":29},"end":{"line":201,"column":null}},"line":198},"22":{"name":"(anonymous_22)","decl":{"start":{"line":202,"column":21},"end":{"line":202,"column":27}},"loc":{"start":{"line":202,"column":27},"end":{"line":202,"column":null}},"line":202},"23":{"name":"(anonymous_23)","decl":{"start":{"line":203,"column":20},"end":{"line":203,"column":26}},"loc":{"start":{"line":203,"column":26},"end":{"line":203,"column":null}},"line":203},"24":{"name":"(anonymous_24)","decl":{"start":{"line":203,"column":37},"end":{"line":203,"column":43}},"loc":{"start":{"line":203,"column":43},"end":{"line":203,"column":70}},"line":203},"25":{"name":"(anonymous_25)","decl":{"start":{"line":204,"column":23},"end":{"line":204,"column":24}},"loc":{"start":{"line":204,"column":34},"end":{"line":213,"column":null}},"line":204},"26":{"name":"(anonymous_26)","decl":{"start":{"line":219,"column":31},"end":{"line":219,"column":32}},"loc":{"start":{"line":220,"column":16},"end":{"line":227,"column":null}},"line":220},"27":{"name":"(anonymous_27)","decl":{"start":{"line":224,"column":27},"end":{"line":224,"column":33}},"loc":{"start":{"line":224,"column":33},"end":{"line":224,"column":null}},"line":224},"28":{"name":"(anonymous_28)","decl":{"start":{"line":243,"column":27},"end":{"line":243,"column":28}},"loc":{"start":{"line":244,"column":12},"end":{"line":273,"column":null}},"line":244},"29":{"name":"(anonymous_29)","decl":{"start":{"line":249,"column":28},"end":{"line":249,"column":29}},"loc":{"start":{"line":249,"column":35},"end":{"line":249,"column":null}},"line":249},"30":{"name":"(anonymous_30)","decl":{"start":{"line":250,"column":29},"end":{"line":250,"column":30}},"loc":{"start":{"line":250,"column":40},"end":{"line":259,"column":null}},"line":250},"31":{"name":"(anonymous_31)","decl":{"start":{"line":263,"column":89},"end":{"line":263,"column":95}},"loc":{"start":{"line":263,"column":95},"end":{"line":263,"column":114}},"line":263},"32":{"name":"(anonymous_32)","decl":{"start":{"line":271,"column":91},"end":{"line":271,"column":97}},"loc":{"start":{"line":271,"column":97},"end":{"line":271,"column":117}},"line":271},"33":{"name":"(anonymous_33)","decl":{"start":{"line":272,"column":91},"end":{"line":272,"column":97}},"loc":{"start":{"line":272,"column":97},"end":{"line":272,"column":118}},"line":272}},"branchMap":{"0":{"loc":{"start":{"line":19,"column":43},"end":{"line":19,"column":79}},"type":"binary-expr","locations":[{"start":{"line":19,"column":43},"end":{"line":19,"column":75}},{"start":{"line":19,"column":75},"end":{"line":19,"column":79}}],"line":19},"1":{"loc":{"start":{"line":37,"column":20},"end":{"line":37,"column":null}},"type":"binary-expr","locations":[{"start":{"line":37,"column":20},"end":{"line":37,"column":43}},{"start":{"line":37,"column":43},"end":{"line":37,"column":null}}],"line":37},"2":{"loc":{"start":{"line":40,"column":34},"end":{"line":40,"column":82}},"type":"binary-expr","locations":[{"start":{"line":40,"column":34},"end":{"line":40,"column":78}},{"start":{"line":40,"column":78},"end":{"line":40,"column":82}}],"line":40},"3":{"loc":{"start":{"line":43,"column":31},"end":{"line":43,"column":59}},"type":"binary-expr","locations":[{"start":{"line":43,"column":31},"end":{"line":43,"column":58}},{"start":{"line":43,"column":58},"end":{"line":43,"column":59}}],"line":43},"4":{"loc":{"start":{"line":51,"column":4},"end":{"line":53,"column":null}},"type":"if","locations":[{"start":{"line":51,"column":4},"end":{"line":53,"column":null}},{"start":{},"end":{}}],"line":51},"5":{"loc":{"start":{"line":60,"column":4},"end":{"line":64,"column":null}},"type":"if","locations":[{"start":{"line":60,"column":4},"end":{"line":64,"column":null}},{"start":{},"end":{}}],"line":60},"6":{"loc":{"start":{"line":67,"column":24},"end":{"line":67,"column":86}},"type":"binary-expr","locations":[{"start":{"line":67,"column":24},"end":{"line":67,"column":48}},{"start":{"line":67,"column":48},"end":{"line":67,"column":86}}],"line":67},"7":{"loc":{"start":{"line":91,"column":4},"end":{"line":94,"column":null}},"type":"if","locations":[{"start":{"line":91,"column":4},"end":{"line":94,"column":null}},{"start":{},"end":{}}],"line":91},"8":{"loc":{"start":{"line":102,"column":6},"end":{"line":106,"column":null}},"type":"if","locations":[{"start":{"line":102,"column":6},"end":{"line":106,"column":null}},{"start":{"line":104,"column":13},"end":{"line":106,"column":null}}],"line":102},"9":{"loc":{"start":{"line":111,"column":4},"end":{"line":114,"column":null}},"type":"if","locations":[{"start":{"line":111,"column":4},"end":{"line":114,"column":null}},{"start":{},"end":{}}],"line":111},"10":{"loc":{"start":{"line":116,"column":4},"end":{"line":119,"column":null}},"type":"if","locations":[{"start":{"line":116,"column":4},"end":{"line":119,"column":null}},{"start":{},"end":{}}],"line":116},"11":{"loc":{"start":{"line":124,"column":34},"end":{"line":124,"column":82}},"type":"binary-expr","locations":[{"start":{"line":124,"column":34},"end":{"line":124,"column":78}},{"start":{"line":124,"column":78},"end":{"line":124,"column":82}}],"line":124},"12":{"loc":{"start":{"line":127,"column":31},"end":{"line":127,"column":59}},"type":"binary-expr","locations":[{"start":{"line":127,"column":31},"end":{"line":127,"column":58}},{"start":{"line":127,"column":58},"end":{"line":127,"column":59}}],"line":127},"13":{"loc":{"start":{"line":136,"column":4},"end":{"line":139,"column":null}},"type":"if","locations":[{"start":{"line":136,"column":4},"end":{"line":139,"column":null}},{"start":{},"end":{}}],"line":136},"14":{"loc":{"start":{"line":152,"column":6},"end":{"line":154,"column":null}},"type":"if","locations":[{"start":{"line":152,"column":6},"end":{"line":154,"column":null}},{"start":{},"end":{}}],"line":152},"15":{"loc":{"start":{"line":163,"column":4},"end":{"line":166,"column":null}},"type":"if","locations":[{"start":{"line":163,"column":4},"end":{"line":166,"column":null}},{"start":{},"end":{}}],"line":163},"16":{"loc":{"start":{"line":173,"column":8},"end":{"line":173,"column":null}},"type":"cond-expr","locations":[{"start":{"line":173,"column":25},"end":{"line":173,"column":99}},{"start":{"line":173,"column":99},"end":{"line":173,"column":null}}],"line":173},"17":{"loc":{"start":{"line":173,"column":40},"end":{"line":173,"column":60}},"type":"binary-expr","locations":[{"start":{"line":173,"column":40},"end":{"line":173,"column":55}},{"start":{"line":173,"column":55},"end":{"line":173,"column":60}}],"line":173},"18":{"loc":{"start":{"line":173,"column":66},"end":{"line":173,"column":95}},"type":"binary-expr","locations":[{"start":{"line":173,"column":66},"end":{"line":173,"column":87}},{"start":{"line":173,"column":87},"end":{"line":173,"column":95}}],"line":173},"19":{"loc":{"start":{"line":178,"column":6},"end":{"line":182,"column":null}},"type":"if","locations":[{"start":{"line":178,"column":6},"end":{"line":182,"column":null}},{"start":{"line":180,"column":13},"end":{"line":182,"column":null}}],"line":178},"20":{"loc":{"start":{"line":205,"column":14},"end":{"line":212,"column":null}},"type":"if","locations":[{"start":{"line":205,"column":14},"end":{"line":212,"column":null}},{"start":{},"end":{}}],"line":205},"21":{"loc":{"start":{"line":207,"column":16},"end":{"line":211,"column":null}},"type":"if","locations":[{"start":{"line":207,"column":16},"end":{"line":211,"column":null}},{"start":{"line":209,"column":23},"end":{"line":211,"column":null}}],"line":207},"22":{"loc":{"start":{"line":207,"column":20},"end":{"line":207,"column":59}},"type":"binary-expr","locations":[{"start":{"line":207,"column":20},"end":{"line":207,"column":39}},{"start":{"line":207,"column":39},"end":{"line":207,"column":59}}],"line":207},"23":{"loc":{"start":{"line":217,"column":11},"end":{"line":229,"column":null}},"type":"binary-expr","locations":[{"start":{"line":217,"column":11},"end":{"line":217,"column":null}},{"start":{"line":218,"column":12},"end":{"line":229,"column":null}}],"line":217},"24":{"loc":{"start":{"line":233,"column":11},"end":{"line":234,"column":null}},"type":"binary-expr","locations":[{"start":{"line":233,"column":11},"end":{"line":233,"column":null}},{"start":{"line":234,"column":12},"end":{"line":234,"column":null}}],"line":233},"25":{"loc":{"start":{"line":242,"column":11},"end":{"line":242,"column":null}},"type":"binary-expr","locations":[{"start":{"line":242,"column":11},"end":{"line":242,"column":39}},{"start":{"line":242,"column":39},"end":{"line":242,"column":null}}],"line":242},"26":{"loc":{"start":{"line":244,"column":12},"end":{"line":273,"column":null}},"type":"cond-expr","locations":[{"start":{"line":245,"column":14},"end":{"line":265,"column":null}},{"start":{"line":267,"column":14},"end":{"line":273,"column":null}}],"line":244},"27":{"loc":{"start":{"line":251,"column":20},"end":{"line":254,"column":null}},"type":"if","locations":[{"start":{"line":251,"column":20},"end":{"line":254,"column":null}},{"start":{},"end":{}}],"line":251},"28":{"loc":{"start":{"line":255,"column":20},"end":{"line":258,"column":null}},"type":"if","locations":[{"start":{"line":255,"column":20},"end":{"line":258,"column":null}},{"start":{},"end":{}}],"line":255}},"s":{"0":1,"1":1,"2":30,"3":30,"4":30,"5":4,"6":30,"7":30,"8":30,"9":30,"10":30,"11":30,"12":30,"13":30,"14":10,"15":7,"16":30,"17":30,"18":5,"19":5,"20":5,"21":5,"22":5,"23":5,"24":0,"25":30,"26":4,"27":0,"28":4,"29":4,"30":30,"31":7,"32":7,"33":1,"34":1,"35":1,"36":6,"37":276,"38":6,"39":6,"40":30,"41":0,"42":0,"43":30,"44":1,"45":1,"46":30,"47":1,"48":1,"49":30,"50":1,"51":1,"52":0,"53":0,"54":1,"55":1,"56":1,"57":1,"58":1,"59":0,"60":0,"61":0,"62":30,"63":0,"64":0,"65":0,"66":0,"67":0,"68":0,"69":0,"70":0,"71":0,"72":0,"73":0,"74":0,"75":0,"76":30,"77":0,"78":0,"79":0,"80":0,"81":0,"82":0,"83":0,"84":30,"85":0,"86":0,"87":0,"88":0,"89":0,"90":0,"91":0,"92":0,"93":0,"94":30,"95":1,"96":1,"97":0,"98":0,"99":1,"100":1,"101":1,"102":1,"103":1,"104":2,"105":1,"106":1,"107":0,"108":0,"109":0,"110":30,"111":6,"112":6,"113":1,"114":1,"115":1,"116":6,"117":0,"118":0,"119":0,"120":0,"121":17,"122":0,"123":40,"124":11,"125":10,"126":0,"127":0,"128":10,"129":0,"130":0,"131":1,"132":1,"133":0},"f":{"0":30,"1":4,"2":10,"3":7,"4":5,"5":4,"6":7,"7":276,"8":0,"9":1,"10":1,"11":1,"12":0,"13":0,"14":0,"15":0,"16":0,"17":0,"18":1,"19":1,"20":2,"21":6,"22":1,"23":1,"24":1,"25":6,"26":17,"27":0,"28":40,"29":11,"30":10,"31":1,"32":1,"33":0},"b":{"0":[4,0],"1":[5,0],"2":[5,4],"3":[5,5],"4":[0,4],"5":[1,6],"6":[276,19],"7":[0,1],"8":[0,0],"9":[0,0],"10":[0,0],"11":[0,0],"12":[0,0],"13":[0,0],"14":[0,0],"15":[0,1],"16":[1,1],"17":[1,0],"18":[1,0],"19":[0,0],"20":[0,6],"21":[0,0],"22":[0,0],"23":[30,7],"24":[30,26],"25":[30,6],"26":[12,28],"27":[0,10],"28":[0,10]},"meta":{"lastBranch":29,"lastFunction":34,"lastStatement":134,"seen":{"s:6:27:6:Infinity":0,"s:8:27:14:Infinity":1,"f:16:9:16:22":0,"s:17:8:17:Infinity":2,"s:18:8:18:Infinity":3,"s:19:13:19:Infinity":4,"f:19:26:19:32":1,"s:19:32:19:80":5,"b:19:43:19:75:19:75:19:79":0,"s:20:36:20:Infinity":6,"s:21:22:21:Infinity":7,"s:22:40:22:Infinity":8,"s:23:36:23:Infinity":9,"s:24:36:24:Infinity":10,"s:25:44:25:Infinity":11,"s:26:8:26:Infinity":12,"s:28:8:30:Infinity":13,"f:28:32:28:38":2,"s:29:4:29:Infinity":14,"f:29:35:29:36":3,"s:29:45:29:68":15,"s:32:18:32:Infinity":16,"s:34:21:48:Infinity":17,"f:34:21:34:33":4,"s:35:4:47:Infinity":18,"s:36:23:36:Infinity":19,"s:37:20:37:Infinity":20,"b:37:20:37:43:37:43:37:Infinity":1,"s:38:6:38:Infinity":21,"s:40:23:40:Infinity":22,"b:40:34:40:78:40:78:40:82":2,"s:41:6:44:Infinity":23,"b:43:31:43:58:43:58:43:59":3,"s:46:6:46:Infinity":24,"s:50:2:56:Infinity":25,"f:50:12:50:18":5,"b:51:4:53:Infinity:undefined:undefined:undefined:undefined":4,"s:51:4:53:Infinity":26,"s:52:6:52:Infinity":27,"s:54:4:54:Infinity":28,"s:55:4:55:Infinity":29,"s:58:28:72:Infinity":30,"f:58:28:58:29":6,"s:59:18:59:Infinity":31,"b:60:4:64:Infinity:undefined:undefined:undefined:undefined":5,"s:60:4:64:Infinity":32,"s:61:6:61:Infinity":33,"s:62:6:62:Infinity":34,"s:63:6:63:Infinity":35,"s:66:17:68:Infinity":36,"f:67:14:67:15":7,"s:67:24:67:86":37,"b:67:24:67:48:67:48:67:86":6,"s:70:4:70:Infinity":38,"s:71:4:71:Infinity":39,"s:74:26:77:Infinity":40,"f:74:26:74:27":8,"s:75:4:75:Infinity":41,"s:76:4:76:Infinity":42,"s:79:23:82:Infinity":43,"f:79:23:79:24":9,"s:80:4:80:Infinity":44,"s:81:4:81:Infinity":45,"s:84:24:87:Infinity":46,"f:84:24:84:30":10,"s:85:4:85:Infinity":47,"s:86:4:86:Infinity":48,"s:89:18:108:Infinity":49,"f:89:18:89:30":11,"s:90:20:90:Infinity":50,"b:91:4:94:Infinity:undefined:undefined:undefined:undefined":7,"s:91:4:94:Infinity":51,"s:92:6:92:Infinity":52,"s:93:6:93:Infinity":53,"s:96:4:107:Infinity":54,"s:97:6:97:Infinity":55,"s:98:6:98:Infinity":56,"s:99:6:99:Infinity":57,"s:100:6:100:Infinity":58,"b:102:6:106:Infinity:104:13:106:Infinity":8,"s:102:6:106:Infinity":59,"s:103:8:103:Infinity":60,"s:105:8:105:Infinity":61,"s:110:19:133:Infinity":62,"f:110:19:110:31":12,"b:111:4:114:Infinity:undefined:undefined:undefined:undefined":9,"s:111:4:114:Infinity":63,"s:112:6:112:Infinity":64,"s:113:6:113:Infinity":65,"b:116:4:119:Infinity:undefined:undefined:undefined:undefined":10,"s:116:4:119:Infinity":66,"s:117:6:117:Infinity":67,"s:118:6:118:Infinity":68,"s:121:4:132:Infinity":69,"s:122:6:122:Infinity":70,"s:123:6:123:Infinity":71,"s:124:23:124:Infinity":72,"b:124:34:124:78:124:78:124:82":11,"s:125:6:128:Infinity":73,"b:127:31:127:58:127:58:127:59":12,"s:129:6:129:Infinity":74,"s:131:6:131:Infinity":75,"s:135:31:146:Infinity":76,"f:135:31:135:37":13,"b:136:4:139:Infinity:undefined:undefined:undefined:undefined":13,"s:136:4:139:Infinity":77,"s:137:6:137:Infinity":78,"s:138:6:138:Infinity":79,"s:141:30:141:Infinity":80,"f:141:46:141:47":14,"s:141:56:141:65":81,"s:142:4:142:Infinity":82,"s:143:4:145:Infinity":83,"s:148:21:159:Infinity":84,"f:148:21:148:28":15,"s:149:4:158:Infinity":85,"s:150:6:150:Infinity":86,"s:151:6:151:Infinity":87,"f:151:21:151:22":16,"s:151:31:151:68":88,"f:151:43:151:44":17,"s:151:53:151:67":89,"b:152:6:154:Infinity:undefined:undefined:undefined:undefined":14,"s:152:6:154:Infinity":90,"s:153:8:153:Infinity":91,"s:155:6:155:Infinity":92,"s:157:6:157:Infinity":93,"s:161:19:184:Infinity":94,"f:161:19:161:26":18,"s:162:20:162:Infinity":95,"b:163:4:166:Infinity:undefined:undefined:undefined:undefined":15,"s:163:4:166:Infinity":96,"s:164:6:164:Infinity":97,"s:165:6:165:Infinity":98,"s:168:4:183:Infinity":99,"s:169:23:169:Infinity":100,"s:170:26:170:Infinity":101,"s:172:6:174:Infinity":102,"f:172:21:172:22":19,"s:172:31:174:8":103,"f:172:40:172:41":20,"s:173:8:173:Infinity":104,"b:173:25:173:99:173:99:173:Infinity":16,"b:173:40:173:55:173:55:173:60":17,"b:173:66:173:87:173:87:173:95":18,"s:175:6:175:Infinity":105,"s:176:6:176:Infinity":106,"b:178:6:182:Infinity:180:13:182:Infinity":19,"s:178:6:182:Infinity":107,"s:179:8:179:Infinity":108,"s:181:8:181:Infinity":109,"s:186:2:278:Infinity":110,"f:198:22:198:23":21,"s:199:14:199:Infinity":111,"s:200:14:200:Infinity":112,"f:202:21:202:27":22,"s:202:27:202:Infinity":113,"f:203:20:203:26":23,"s:203:26:203:Infinity":114,"f:203:37:203:43":24,"s:203:43:203:70":115,"f:204:23:204:24":25,"b:205:14:212:Infinity:undefined:undefined:undefined:undefined":20,"s:205:14:212:Infinity":116,"s:206:16:206:Infinity":117,"b:207:16:211:Infinity:209:23:211:Infinity":21,"s:207:16:211:Infinity":118,"b:207:20:207:39:207:39:207:59":22,"s:208:18:208:Infinity":119,"s:210:18:210:Infinity":120,"b:217:11:217:Infinity:218:12:229:Infinity":23,"f:219:31:219:32":26,"s:220:16:227:Infinity":121,"f:224:27:224:33":27,"s:224:33:224:Infinity":122,"b:233:11:233:Infinity:234:12:234:Infinity":24,"b:242:11:242:39:242:39:242:Infinity":25,"f:243:27:243:28":28,"s:244:12:273:Infinity":123,"b:245:14:265:Infinity:267:14:273:Infinity":26,"f:249:28:249:29":29,"s:249:35:249:Infinity":124,"f:250:29:250:30":30,"b:251:20:254:Infinity:undefined:undefined:undefined:undefined":27,"s:251:20:254:Infinity":125,"s:252:22:252:Infinity":126,"s:253:22:253:Infinity":127,"b:255:20:258:Infinity:undefined:undefined:undefined:undefined":28,"s:255:20:258:Infinity":128,"s:256:22:256:Infinity":129,"s:257:22:257:Infinity":130,"f:263:89:263:95":31,"s:263:95:263:114":131,"f:271:91:271:97":32,"s:271:97:271:117":132,"f:272:91:272:97":33,"s:272:97:272:118":133}}}
}
